<?xml version="1.0" encoding="UTF-8"?>
<testng-results ignored="0" total="1" passed="1" failed="0" skipped="0">
  <reporter-output>
  </reporter-output>
  <suite started-at="2022-11-03T23:26:35 IST" name="Default suite" finished-at="2022-11-03T23:26:44 IST" duration-ms="8720">
    <groups>
    </groups>
    <test started-at="2022-11-03T23:26:35 IST" name="Default test" finished-at="2022-11-03T23:26:44 IST" duration-ms="8720">
      <class name="com.crudoperations.CRUD_Methods">
        <test-method signature="CallingCRUDMethods()[pri:0, instance:com.crudoperations.CRUD_Methods@28f3b248]" started-at="2022-11-03T23:26:35 IST" name="CallingCRUDMethods" finished-at="2022-11-03T23:26:44 IST" duration-ms="8609" status="PASS">
          <reporter-output>
          </reporter-output>
        </test-method> <!-- CallingCRUDMethods -->
      </class> <!-- com.crudoperations.CRUD_Methods -->
    </test> <!-- Default test -->
  </suite> <!-- Default suite -->
</testng-results>
